+0.0ns POS: x=1434.67, y=210.782, z=1.5; VEL:0, y=0, z=0
+0.0ns POS: x=1364.13, y=209.425, z=1.5; VEL:0, y=0, z=0
+0.0ns POS: x=823.402, y=186.327, z=1.5; VEL:0, y=0, z=0
+0.0ns POS: x=822.087, y=268.767, z=1.5; VEL:0, y=0, z=0
+0.0ns POS: x=1280.85, y=153.049, z=1.5; VEL:0, y=0, z=0
+0.0ns POS: x=921.633, y=45.8159, z=1.5; VEL:0, y=0, z=0
+0.0ns POS: x=690.402, y=40.6995, z=1.5; VEL:0, y=0, z=0
+0.0ns POS: x=177.831, y=62.2554, z=1.5; VEL:0, y=0, z=0
+0.0ns POS: x=399.798, y=43.5946, z=1.5; VEL:0, y=0, z=0
+0.0ns POS: x=901.063, y=39.274, z=1.5; VEL:0, y=0, z=0
+0.0ns POS: x=62.6397, y=94.8006, z=1.5; VEL:0, y=0, z=0
+0.0ns POS: x=328.472, y=176.97, z=1.5; VEL:0, y=0, z=0
+0.0ns POS: x=230.327, y=255.505, z=1.5; VEL:0, y=0, z=0
+0.0ns POS: x=803.59, y=67.8354, z=1.5; VEL:0, y=0, z=0
+0.0ns POS: x=378.623, y=43.2178, z=1.5; VEL:0, y=0, z=0
+0.0ns POS: x=217.587, y=92.5085, z=1.5; VEL:0, y=0, z=0
+0.0ns POS: x=636.015, y=20.4791, z=1.5; VEL:0, y=0, z=0
+0.0ns POS: x=869.473, y=110.308, z=1.5; VEL:0, y=0, z=0
+0.0ns POS: x=182.33, y=263.281, z=1.5; VEL:0, y=0, z=0
+0.0ns POS: x=971.3, y=264.49, z=1.5; VEL:0, y=0, z=0
+0.0ns POS: x=136.927, y=103.552, z=1.5; VEL:0, y=0, z=0
+0.0ns POS: x=1429.34, y=21.0832, z=1.5; VEL:0, y=0, z=0
+0.0ns POS: x=1331.05, y=288.833, z=1.5; VEL:0, y=0, z=0
+0.0ns POS: x=426.269, y=225.592, z=1.5; VEL:0, y=0, z=0
+0.0ns POS: x=278.014, y=132.353, z=1.5; VEL:0, y=0, z=0
+0.0ns POS: x=1400.92, y=100.879, z=1.5; VEL:0, y=0, z=0
+0.0ns POS: x=769.804, y=251.754, z=1.5; VEL:0, y=0, z=0
+0.0ns POS: x=621.382, y=81.4528, z=1.5; VEL:0, y=0, z=0
+0.0ns POS: x=923.476, y=75.7393, z=1.5; VEL:0, y=0, z=0
+0.0ns POS: x=447.944, y=256.243, z=1.5; VEL:0, y=0, z=0
+0.0ns POS: x=598.564, y=217.239, z=1.5; VEL:0, y=0, z=0
+0.0ns POS: x=1188.78, y=12.7305, z=1.5; VEL:0, y=0, z=0
+0.0ns POS: x=1094.68, y=44.1596, z=1.5; VEL:0, y=0, z=0
+0.0ns POS: x=305.393, y=161.341, z=1.5; VEL:0, y=0, z=0
+0.0ns POS: x=272.766, y=91.0954, z=1.5; VEL:0, y=0, z=0
+0.0ns POS: x=585.433, y=115.824, z=1.5; VEL:0, y=0, z=0
+0.0ns POS: x=508.032, y=178.754, z=1.5; VEL:0, y=0, z=0
+0.0ns POS: x=911.962, y=107.974, z=1.5; VEL:0, y=0, z=0
+0.0ns POS: x=12.5771, y=47.6787, z=1.5; VEL:0, y=0, z=0
+0.0ns POS: x=642.169, y=2.21291, z=1.5; VEL:0, y=0, z=0
+0.0ns POS: x=1434.67, y=210.782, z=1.5; VEL:0, y=0, z=0
+0.0ns POS: x=1364.13, y=209.425, z=1.5; VEL:0, y=0, z=0
+0.0ns POS: x=823.402, y=186.327, z=1.5; VEL:0, y=0, z=0
+0.0ns POS: x=822.087, y=268.767, z=1.5; VEL:0, y=0, z=0
+0.0ns POS: x=1280.85, y=153.049, z=1.5; VEL:0, y=0, z=0
+0.0ns POS: x=921.633, y=45.8159, z=1.5; VEL:0, y=0, z=0
+0.0ns POS: x=690.402, y=40.6995, z=1.5; VEL:0, y=0, z=0
+0.0ns POS: x=177.831, y=62.2554, z=1.5; VEL:0, y=0, z=0
+0.0ns POS: x=399.798, y=43.5946, z=1.5; VEL:0, y=0, z=0
+0.0ns POS: x=901.063, y=39.274, z=1.5; VEL:0, y=0, z=0
+0.0ns POS: x=62.6397, y=94.8006, z=1.5; VEL:0, y=0, z=0
+0.0ns POS: x=328.472, y=176.97, z=1.5; VEL:0, y=0, z=0
+0.0ns POS: x=230.327, y=255.505, z=1.5; VEL:0, y=0, z=0
+0.0ns POS: x=803.59, y=67.8354, z=1.5; VEL:0, y=0, z=0
+0.0ns POS: x=378.623, y=43.2178, z=1.5; VEL:0, y=0, z=0
+0.0ns POS: x=217.587, y=92.5085, z=1.5; VEL:0, y=0, z=0
+0.0ns POS: x=636.015, y=20.4791, z=1.5; VEL:0, y=0, z=0
+0.0ns POS: x=869.473, y=110.308, z=1.5; VEL:0, y=0, z=0
+0.0ns POS: x=182.33, y=263.281, z=1.5; VEL:0, y=0, z=0
+0.0ns POS: x=971.3, y=264.49, z=1.5; VEL:0, y=0, z=0
+0.0ns POS: x=136.927, y=103.552, z=1.5; VEL:0, y=0, z=0
+0.0ns POS: x=1429.34, y=21.0832, z=1.5; VEL:0, y=0, z=0
+0.0ns POS: x=1331.05, y=288.833, z=1.5; VEL:0, y=0, z=0
+0.0ns POS: x=426.269, y=225.592, z=1.5; VEL:0, y=0, z=0
+0.0ns POS: x=278.014, y=132.353, z=1.5; VEL:0, y=0, z=0
+0.0ns POS: x=1400.92, y=100.879, z=1.5; VEL:0, y=0, z=0
+0.0ns POS: x=769.804, y=251.754, z=1.5; VEL:0, y=0, z=0
+0.0ns POS: x=621.382, y=81.4528, z=1.5; VEL:0, y=0, z=0
+0.0ns POS: x=923.476, y=75.7393, z=1.5; VEL:0, y=0, z=0
+0.0ns POS: x=447.944, y=256.243, z=1.5; VEL:0, y=0, z=0
+0.0ns POS: x=598.564, y=217.239, z=1.5; VEL:0, y=0, z=0
+0.0ns POS: x=1188.78, y=12.7305, z=1.5; VEL:0, y=0, z=0
+0.0ns POS: x=1094.68, y=44.1596, z=1.5; VEL:0, y=0, z=0
+0.0ns POS: x=305.393, y=161.341, z=1.5; VEL:0, y=0, z=0
+0.0ns POS: x=272.766, y=91.0954, z=1.5; VEL:0, y=0, z=0
+0.0ns POS: x=585.433, y=115.824, z=1.5; VEL:0, y=0, z=0
+0.0ns POS: x=508.032, y=178.754, z=1.5; VEL:0, y=0, z=0
+0.0ns POS: x=911.962, y=107.974, z=1.5; VEL:0, y=0, z=0
+0.0ns POS: x=12.5771, y=47.6787, z=1.5; VEL:0, y=0, z=0
+0.0ns POS: x=642.169, y=2.21291, z=1.5; VEL:0, y=0, z=0
+0.0ns POS: x=1434.67, y=210.782, z=1.5; VEL:-18.169, y=-1.01543, z=-0.00770101
+0.0ns POS: x=1364.13, y=209.425, z=1.5; VEL:-2.5055, y=-0.419777, z=-0.000784655
+0.0ns POS: x=823.402, y=186.327, z=1.5; VEL:13.1873, y=-14.3936, z=0.0211236
+0.0ns POS: x=822.087, y=268.767, z=1.5; VEL:-11.6368, y=-2.93157, z=-0.0076493
+0.0ns POS: x=1280.85, y=153.049, z=1.5; VEL:-6.39535, y=-0.451635, z=0.00190626
+0.0ns POS: x=921.633, y=45.8159, z=1.5; VEL:-5.9023, y=0.988717, z=0.000160335
+0.0ns POS: x=690.402, y=40.6995, z=1.5; VEL:5.76668, y=0.793041, z=0.00114034
+0.0ns POS: x=177.831, y=62.2554, z=1.5; VEL:-14.0799, y=3.91415, z=0.0546661
+0.0ns POS: x=399.798, y=43.5946, z=1.5; VEL:18.7535, y=3.54512, z=-0.0101955
+0.0ns POS: x=901.063, y=39.274, z=1.5; VEL:16.0752, y=9.57823, z=-0.0276083
+0.0ns POS: x=62.6397, y=94.8006, z=1.5; VEL:6.189, y=16.5232, z=-0.0300029
+0.0ns POS: x=328.472, y=176.97, z=1.5; VEL:19.1306, y=1.79122, z=-0.00435128
+0.0ns POS: x=230.327, y=255.505, z=1.5; VEL:14.5376, y=0.204402, z=-0.00582687
+0.0ns POS: x=803.59, y=67.8354, z=1.5; VEL:17.0674, y=5.25449, z=0.0500836
+0.0ns POS: x=378.623, y=43.2178, z=1.5; VEL:-2.70918, y=9.90562, z=0.0015898
+0.0ns POS: x=217.587, y=92.5085, z=1.5; VEL:12.1674, y=5.35722, z=-0.00806047
+0.0ns POS: x=636.015, y=20.4791, z=1.5; VEL:2.08285, y=-0.231465, z=-0.00237599
+0.0ns POS: x=869.473, y=110.308, z=1.5; VEL:-5.25581, y=0.598677, z=-0.000835711
+0.0ns POS: x=182.33, y=263.281, z=1.5; VEL:-2.89808, y=-5.20796, z=-0.0025303
+0.0ns POS: x=971.3, y=264.49, z=1.5; VEL:6.46331, y=-2.3633, z=-0.00849682
+0.0ns POS: x=136.927, y=103.552, z=1.5; VEL:4.82669, y=2.7265, z=0.000137017
+0.0ns POS: x=1429.34, y=21.0832, z=1.5; VEL:-18.2792, y=1.61365, z=-0.00608764
+0.0ns POS: x=1331.05, y=288.833, z=1.5; VEL:-8.37111, y=-4.2469, z=-0.0116758
+0.0ns POS: x=426.269, y=225.592, z=1.5; VEL:8.6608, y=0.21605, z=-0.00458358
+0.0ns POS: x=278.014, y=132.353, z=1.5; VEL:-1.58262, y=-4.65098, z=-0.0117686
+0.0ns POS: x=1400.92, y=100.879, z=1.5; VEL:-5.10498, y=-0.199955, z=0.00285881
+0.0ns POS: x=769.804, y=251.754, z=1.5; VEL:-13.0821, y=-8.47298, z=0.0149026
+0.0ns POS: x=621.382, y=81.4528, z=1.5; VEL:6.34027, y=0.73298, z=-0.00633216
+0.0ns POS: x=923.476, y=75.7393, z=1.5; VEL:-9.2596, y=0.486029, z=-0.00318944
+0.0ns POS: x=447.944, y=256.243, z=1.5; VEL:12.8159, y=-11.0225, z=-0.0161477
+0.0ns POS: x=598.564, y=217.239, z=1.5; VEL:16.8027, y=-2.29775, z=0.0188337
+0.0ns POS: x=1188.78, y=12.7305, z=1.5; VEL:-0.413741, y=-0.0147114, z=-0.000883908
+0.0ns POS: x=1094.68, y=44.1596, z=1.5; VEL:-6.51575, y=-0.0619082, z=-0.00277513
+0.0ns POS: x=305.393, y=161.341, z=1.5; VEL:15.5557, y=-2.09505, z=-0.0083459
+0.0ns POS: x=272.766, y=91.0954, z=1.5; VEL:5.11513, y=-4.18725, z=-0.0228661
+0.0ns POS: x=585.433, y=115.824, z=1.5; VEL:13.5134, y=-4.65704, z=-0.00816051
+0.0ns POS: x=508.032, y=178.754, z=1.5; VEL:-18.0875, y=-3.09574, z=-0.00876542
+0.0ns POS: x=911.962, y=107.974, z=1.5; VEL:-17.6134, y=0.0103305, z=0.0132395
+0.0ns POS: x=12.5771, y=47.6787, z=1.5; VEL:5.63333, y=0.694119, z=0.000732624
+0.0ns POS: x=642.169, y=2.21291, z=1.5; VEL:-15.0564, y=1.87269, z=-0.0133788
+3958105757.0ns POS: x=122.101, y=77.748, z=1.5; VEL:0, y=0, z=0
+3958105757.0ns POS: x=122.101, y=77.748, z=1.5; VEL:5.43492, y=0.414178, z=9.601e-05
+5744034730.0ns POS: x=901.626, y=98.0174, z=1.5; VEL:0, y=0, z=0
+5744034730.0ns POS: x=901.626, y=98.0174, z=1.5; VEL:-5.35676, y=0.347612, z=-0.00323452
+6995840139.0ns POS: x=740.678, y=248.258, z=1.5; VEL:0, y=0, z=0
+6995840139.0ns POS: x=740.678, y=248.258, z=1.5; VEL:14.1647, y=-6.00601, z=-0.00191313
+8801543127.0ns POS: x=1042.55, y=123.577, z=1.5; VEL:0, y=0, z=0
+8801543127.0ns POS: x=1042.55, y=123.577, z=1.5; VEL:-6.13671, y=0.382902, z=0.000470212
+9435175422.0ns POS: x=568.864, y=152.244, z=1.5; VEL:0, y=0, z=0
+9435175422.0ns POS: x=568.864, y=152.244, z=1.5; VEL:-9.76997, y=2.11499, z=0.0397525
